Symlinking /home/fechec/feng_ws/devel/share/common-lisp/ros/attitude_control/msg/min_snap_traj.lisp
Symlinking /home/fechec/feng_ws/devel/share/common-lisp/ros/attitude_control/msg/_package.lisp
Symlinking /home/fechec/feng_ws/devel/share/common-lisp/ros/attitude_control/msg/_package_uav_state.lisp
Symlinking /home/fechec/feng_ws/devel/share/common-lisp/ros/attitude_control/msg/_package_des_acc_ang.lisp
Symlinking /home/fechec/feng_ws/devel/share/common-lisp/ros/attitude_control/msg/_package_min_snap_traj.lisp
Symlinking /home/fechec/feng_ws/devel/share/common-lisp/ros/attitude_control/msg/des_acc_ang.lisp
Symlinking /home/fechec/feng_ws/devel/share/common-lisp/ros/attitude_control/msg/attitude_control-msg.asd
Symlinking /home/fechec/feng_ws/devel/share/common-lisp/ros/attitude_control/msg/uav_state.lisp
Symlinking /home/fechec/feng_ws/devel/share/attitude_control/cmake/attitude_controlConfig-version.cmake
Symlinking /home/fechec/feng_ws/devel/share/attitude_control/cmake/attitude_controlConfig.cmake
Symlinking /home/fechec/feng_ws/devel/share/attitude_control/cmake/attitude_control-msg-extras.cmake
Symlinking /home/fechec/feng_ws/devel/share/attitude_control/cmake/attitude_control-msg-paths.cmake
Symlinking /home/fechec/feng_ws/devel/share/attitude_control/docs/controllerDynAttConfig.wikidoc
Symlinking /home/fechec/feng_ws/devel/share/attitude_control/docs/controllerDynAttConfig.dox
Symlinking /home/fechec/feng_ws/devel/share/attitude_control/docs/controllerDynAttConfig-usage.dox
Symlinking /home/fechec/feng_ws/devel/share/gennodejs/ros/attitude_control/_index.js
Symlinking /home/fechec/feng_ws/devel/share/gennodejs/ros/attitude_control/msg/des_acc_ang.js
Symlinking /home/fechec/feng_ws/devel/share/gennodejs/ros/attitude_control/msg/uav_state.js
Symlinking /home/fechec/feng_ws/devel/share/gennodejs/ros/attitude_control/msg/_index.js
Symlinking /home/fechec/feng_ws/devel/share/gennodejs/ros/attitude_control/msg/min_snap_traj.js
Symlinking /home/fechec/feng_ws/devel/share/roseus/ros/attitude_control/manifest.l
Symlinking /home/fechec/feng_ws/devel/share/roseus/ros/attitude_control/msg/min_snap_traj.l
Symlinking /home/fechec/feng_ws/devel/share/roseus/ros/attitude_control/msg/des_acc_ang.l
Symlinking /home/fechec/feng_ws/devel/share/roseus/ros/attitude_control/msg/uav_state.l
Symlinking /home/fechec/feng_ws/devel/include/attitude_control/uav_state.h
Symlinking /home/fechec/feng_ws/devel/include/attitude_control/controllerDynAttConfig.h
Symlinking /home/fechec/feng_ws/devel/include/attitude_control/des_acc_ang.h
Symlinking /home/fechec/feng_ws/devel/include/attitude_control/min_snap_traj.h
Symlinking /home/fechec/feng_ws/devel/lib/libquat_att_control.so
Symlinking /home/fechec/feng_ws/devel/lib/attitude_control/quat_att_control_node
Symlinking /home/fechec/feng_ws/devel/lib/python2.7/dist-packages/attitude_control/__init__.py
Symlinking /home/fechec/feng_ws/devel/lib/python2.7/dist-packages/attitude_control/cfg/controllerDynAttConfig.py
Symlinking /home/fechec/feng_ws/devel/lib/python2.7/dist-packages/attitude_control/cfg/__init__.py
Symlinking /home/fechec/feng_ws/devel/lib/python2.7/dist-packages/attitude_control/msg/_des_acc_ang.py
Symlinking /home/fechec/feng_ws/devel/lib/python2.7/dist-packages/attitude_control/msg/__init__.py
Symlinking /home/fechec/feng_ws/devel/lib/python2.7/dist-packages/attitude_control/msg/_uav_state.py
Symlinking /home/fechec/feng_ws/devel/lib/python2.7/dist-packages/attitude_control/msg/_min_snap_traj.py
Symlinking /home/fechec/feng_ws/devel/lib/pkgconfig/attitude_control.pc
