[  0%] Built target _attitude_control_generate_messages_check_deps_des_acc_ang
[  0%] Built target geometry_msgs_generate_messages_lisp
[  0%] Built target _attitude_control_generate_messages_check_deps_min_snap_traj
[  0%] Built target position_control_generate_messages_lisp
[  0%] Built target std_msgs_generate_messages_lisp
[  0%] Built target _attitude_control_generate_messages_check_deps_uav_state
[  0%] Built target traj_gen_generate_messages_lisp
[  4%] Built target attitude_control_gencfg
[  4%] Built target position_control_generate_messages_nodejs
[  4%] Built target traj_gen_generate_messages_nodejs
[  4%] Built target geometry_msgs_generate_messages_nodejs
[  4%] Built target std_msgs_generate_messages_nodejs
[  4%] Built target nav_msgs_generate_messages_eus
[  4%] Built target trajectory_msgs_generate_messages_eus
[  4%] Built target nav_msgs_generate_messages_lisp
[  4%] Built target geometry_msgs_generate_messages_cpp
[  4%] Built target geometry_msgs_generate_messages_eus
[  4%] Built target sensor_msgs_generate_messages_eus
[  4%] Built target mav_msgs_generate_messages_nodejs
[  4%] Built target trajectory_msgs_generate_messages_lisp
[  4%] Built target mav_msgs_generate_messages_eus
[  4%] Built target actionlib_msgs_generate_messages_py
[  4%] Built target nav_msgs_generate_messages_cpp
[  4%] Built target sensor_msgs_generate_messages_lisp
[  4%] Built target rosgraph_msgs_generate_messages_cpp
[  4%] Built target position_control_generate_messages_py
[  4%] Built target trajectory_msgs_generate_messages_nodejs
[  4%] Built target mav_msgs_generate_messages_py
[  4%] Built target position_control_gencfg
[  4%] Built target nav_msgs_generate_messages_nodejs
[  4%] Built target std_msgs_generate_messages_py
[  4%] Built target geometry_msgs_generate_messages_py
[  4%] Built target traj_gen_generate_messages_py
[  4%] Built target std_msgs_generate_messages_cpp
[  4%] Built target actionlib_msgs_generate_messages_nodejs
[  4%] Built target trajectory_msgs_generate_messages_py
[  4%] Built target std_msgs_generate_messages_eus
[  4%] Built target trajectory_msgs_generate_messages_cpp
[  4%] Built target traj_gen_generate_messages_eus
[  4%] Built target dynamic_reconfigure_generate_messages_lisp
[  4%] Built target dynamic_reconfigure_generate_messages_nodejs
[  4%] Built target dynamic_reconfigure_gencfg
[  4%] Built target nav_msgs_generate_messages_py
[  4%] Built target position_control_generate_messages_eus
[  4%] Built target traj_gen_gencfg
[  4%] Built target dynamic_reconfigure_generate_messages_py
[  4%] Built target roscpp_generate_messages_nodejs
[  4%] Built target dynamic_reconfigure_generate_messages_eus
[  4%] Built target actionlib_msgs_generate_messages_cpp
[  4%] Built target mav_msgs_generate_messages_cpp
[  4%] Built target actionlib_msgs_generate_messages_lisp
[  4%] Built target sensor_msgs_generate_messages_cpp
[  4%] Built target sensor_msgs_generate_messages_nodejs
[  4%] Built target roscpp_generate_messages_cpp
[  4%] Built target sensor_msgs_generate_messages_py
[  4%] Built target roscpp_generate_messages_lisp
[ 22%] Built target attitude_control_generate_messages_eus
[ 22%] Built target rosgraph_msgs_generate_messages_eus
[ 22%] Built target rosgraph_msgs_generate_messages_lisp
[ 22%] Built target dynamic_reconfigure_generate_messages_cpp
[ 22%] Built target rosgraph_msgs_generate_messages_nodejs
[ 22%] Built target roscpp_generate_messages_eus
[ 22%] Built target actionlib_msgs_generate_messages_eus
[ 22%] Built target rosgraph_msgs_generate_messages_py
[ 22%] Built target position_control_generate_messages_cpp
[ 22%] Built target traj_gen_generate_messages_cpp
[ 22%] Built target roscpp_generate_messages_py
[ 22%] Built target mav_msgs_generate_messages_lisp
[ 36%] Built target attitude_control_generate_messages_lisp
[ 50%] Built target attitude_control_generate_messages_nodejs
[ 68%] Built target attitude_control_generate_messages_py
[ 77%] Built target quat_att_control
[ 90%] Built target attitude_control_generate_messages_cpp
[ 90%] Built target attitude_control_gencpp
[ 90%] Built target attitude_control_generate_messages
[100%] Built target quat_att_control_node
