Symlinking /home/fechec/feng_ws/devel/share/common-lisp/ros/traj_gen/msg/min_snap_traj.lisp
Symlinking /home/fechec/feng_ws/devel/share/common-lisp/ros/traj_gen/msg/_package.lisp
Symlinking /home/fechec/feng_ws/devel/share/common-lisp/ros/traj_gen/msg/_package_min_snap_traj.lisp
Symlinking /home/fechec/feng_ws/devel/share/common-lisp/ros/traj_gen/msg/traj_gen-msg.asd
Symlinking /home/fechec/feng_ws/devel/share/traj_gen/cmake/traj_gen-msg-extras.cmake
Symlinking /home/fechec/feng_ws/devel/share/traj_gen/cmake/traj_genConfig.cmake
Symlinking /home/fechec/feng_ws/devel/share/traj_gen/cmake/traj_genConfig-version.cmake
Symlinking /home/fechec/feng_ws/devel/share/traj_gen/cmake/traj_gen-msg-paths.cmake
Symlinking /home/fechec/feng_ws/devel/share/traj_gen/docs/controllerDynConfig.wikidoc
Symlinking /home/fechec/feng_ws/devel/share/traj_gen/docs/controllerDynConfig-usage.dox
Symlinking /home/fechec/feng_ws/devel/share/traj_gen/docs/controllerDynConfig.dox
Symlinking /home/fechec/feng_ws/devel/share/gennodejs/ros/traj_gen/_index.js
Symlinking /home/fechec/feng_ws/devel/share/gennodejs/ros/traj_gen/msg/_index.js
Symlinking /home/fechec/feng_ws/devel/share/gennodejs/ros/traj_gen/msg/min_snap_traj.js
Symlinking /home/fechec/feng_ws/devel/share/roseus/ros/traj_gen/manifest.l
Symlinking /home/fechec/feng_ws/devel/share/roseus/ros/traj_gen/msg/min_snap_traj.l
Symlinking /home/fechec/feng_ws/devel/include/traj_gen/controllerDynConfig.h
Symlinking /home/fechec/feng_ws/devel/include/traj_gen/min_snap_traj.h
Symlinking /home/fechec/feng_ws/devel/lib/traj_gen/trajectory_gen_node
Symlinking /home/fechec/feng_ws/devel/lib/python2.7/dist-packages/traj_gen/__init__.py
Symlinking /home/fechec/feng_ws/devel/lib/python2.7/dist-packages/traj_gen/cfg/__init__.py
Symlinking /home/fechec/feng_ws/devel/lib/python2.7/dist-packages/traj_gen/cfg/controllerDynConfig.py
Symlinking /home/fechec/feng_ws/devel/lib/python2.7/dist-packages/traj_gen/msg/__init__.py
Symlinking /home/fechec/feng_ws/devel/lib/python2.7/dist-packages/traj_gen/msg/_min_snap_traj.py
Symlinking /home/fechec/feng_ws/devel/lib/pkgconfig/traj_gen.pc
