Linked: (/home/fechec/feng_ws/devel/.private/traj_gen/share/common-lisp/ros/traj_gen/msg/min_snap_traj.lisp, /home/fechec/feng_ws/devel/share/common-lisp/ros/traj_gen/msg/min_snap_traj.lisp)
Linked: (/home/fechec/feng_ws/devel/.private/traj_gen/share/common-lisp/ros/traj_gen/msg/_package.lisp, /home/fechec/feng_ws/devel/share/common-lisp/ros/traj_gen/msg/_package.lisp)
Linked: (/home/fechec/feng_ws/devel/.private/traj_gen/share/common-lisp/ros/traj_gen/msg/_package_min_snap_traj.lisp, /home/fechec/feng_ws/devel/share/common-lisp/ros/traj_gen/msg/_package_min_snap_traj.lisp)
Linked: (/home/fechec/feng_ws/devel/.private/traj_gen/share/common-lisp/ros/traj_gen/msg/traj_gen-msg.asd, /home/fechec/feng_ws/devel/share/common-lisp/ros/traj_gen/msg/traj_gen-msg.asd)
Linked: (/home/fechec/feng_ws/devel/.private/traj_gen/share/traj_gen/cmake/traj_gen-msg-extras.cmake, /home/fechec/feng_ws/devel/share/traj_gen/cmake/traj_gen-msg-extras.cmake)
Linked: (/home/fechec/feng_ws/devel/.private/traj_gen/share/traj_gen/cmake/traj_genConfig.cmake, /home/fechec/feng_ws/devel/share/traj_gen/cmake/traj_genConfig.cmake)
Linked: (/home/fechec/feng_ws/devel/.private/traj_gen/share/traj_gen/cmake/traj_genConfig-version.cmake, /home/fechec/feng_ws/devel/share/traj_gen/cmake/traj_genConfig-version.cmake)
Linked: (/home/fechec/feng_ws/devel/.private/traj_gen/share/traj_gen/cmake/traj_gen-msg-paths.cmake, /home/fechec/feng_ws/devel/share/traj_gen/cmake/traj_gen-msg-paths.cmake)
Linked: (/home/fechec/feng_ws/devel/.private/traj_gen/share/traj_gen/docs/controllerDynConfig.wikidoc, /home/fechec/feng_ws/devel/share/traj_gen/docs/controllerDynConfig.wikidoc)
Linked: (/home/fechec/feng_ws/devel/.private/traj_gen/share/traj_gen/docs/controllerDynConfig-usage.dox, /home/fechec/feng_ws/devel/share/traj_gen/docs/controllerDynConfig-usage.dox)
Linked: (/home/fechec/feng_ws/devel/.private/traj_gen/share/traj_gen/docs/controllerDynConfig.dox, /home/fechec/feng_ws/devel/share/traj_gen/docs/controllerDynConfig.dox)
Linked: (/home/fechec/feng_ws/devel/.private/traj_gen/share/gennodejs/ros/traj_gen/_index.js, /home/fechec/feng_ws/devel/share/gennodejs/ros/traj_gen/_index.js)
Linked: (/home/fechec/feng_ws/devel/.private/traj_gen/share/gennodejs/ros/traj_gen/msg/_index.js, /home/fechec/feng_ws/devel/share/gennodejs/ros/traj_gen/msg/_index.js)
Linked: (/home/fechec/feng_ws/devel/.private/traj_gen/share/gennodejs/ros/traj_gen/msg/min_snap_traj.js, /home/fechec/feng_ws/devel/share/gennodejs/ros/traj_gen/msg/min_snap_traj.js)
Linked: (/home/fechec/feng_ws/devel/.private/traj_gen/share/roseus/ros/traj_gen/manifest.l, /home/fechec/feng_ws/devel/share/roseus/ros/traj_gen/manifest.l)
Linked: (/home/fechec/feng_ws/devel/.private/traj_gen/share/roseus/ros/traj_gen/msg/min_snap_traj.l, /home/fechec/feng_ws/devel/share/roseus/ros/traj_gen/msg/min_snap_traj.l)
Linked: (/home/fechec/feng_ws/devel/.private/traj_gen/include/traj_gen/controllerDynConfig.h, /home/fechec/feng_ws/devel/include/traj_gen/controllerDynConfig.h)
Linked: (/home/fechec/feng_ws/devel/.private/traj_gen/include/traj_gen/min_snap_traj.h, /home/fechec/feng_ws/devel/include/traj_gen/min_snap_traj.h)
Linked: (/home/fechec/feng_ws/devel/.private/traj_gen/lib/traj_gen/trajectory_gen_node, /home/fechec/feng_ws/devel/lib/traj_gen/trajectory_gen_node)
Linked: (/home/fechec/feng_ws/devel/.private/traj_gen/lib/python2.7/dist-packages/traj_gen/__init__.py, /home/fechec/feng_ws/devel/lib/python2.7/dist-packages/traj_gen/__init__.py)
Linked: (/home/fechec/feng_ws/devel/.private/traj_gen/lib/python2.7/dist-packages/traj_gen/cfg/__init__.py, /home/fechec/feng_ws/devel/lib/python2.7/dist-packages/traj_gen/cfg/__init__.py)
Linked: (/home/fechec/feng_ws/devel/.private/traj_gen/lib/python2.7/dist-packages/traj_gen/cfg/controllerDynConfig.py, /home/fechec/feng_ws/devel/lib/python2.7/dist-packages/traj_gen/cfg/controllerDynConfig.py)
Linked: (/home/fechec/feng_ws/devel/.private/traj_gen/lib/python2.7/dist-packages/traj_gen/msg/__init__.py, /home/fechec/feng_ws/devel/lib/python2.7/dist-packages/traj_gen/msg/__init__.py)
Linked: (/home/fechec/feng_ws/devel/.private/traj_gen/lib/python2.7/dist-packages/traj_gen/msg/_min_snap_traj.py, /home/fechec/feng_ws/devel/lib/python2.7/dist-packages/traj_gen/msg/_min_snap_traj.py)
Linked: (/home/fechec/feng_ws/devel/.private/traj_gen/lib/pkgconfig/traj_gen.pc, /home/fechec/feng_ws/devel/lib/pkgconfig/traj_gen.pc)
