[  0%] Built target nav_msgs_generate_messages_eus
[  0%] Built target std_msgs_generate_messages_py
[  0%] Built target _traj_gen_generate_messages_check_deps_min_snap_traj
[  0%] Built target geometry_msgs_generate_messages_py
[  0%] Built target rosgraph_msgs_generate_messages_py
[  0%] Built target rosgraph_msgs_generate_messages_nodejs
[  0%] Built target geometry_msgs_generate_messages_lisp
[  0%] Built target std_msgs_generate_messages_lisp
[  0%] Built target rosgraph_msgs_generate_messages_lisp
[  0%] Built target rosgraph_msgs_generate_messages_eus
[  0%] Built target roscpp_generate_messages_lisp
[  0%] Built target sensor_msgs_generate_messages_py
[  0%] Built target roscpp_generate_messages_cpp
[  0%] Built target sensor_msgs_generate_messages_nodejs
[  0%] Built target sensor_msgs_generate_messages_cpp
[  0%] Built target actionlib_msgs_generate_messages_lisp
[  0%] Built target actionlib_msgs_generate_messages_eus
[  0%] Built target actionlib_msgs_generate_messages_cpp
[  0%] Built target std_msgs_generate_messages_nodejs
[  0%] Built target dynamic_reconfigure_generate_messages_eus
[  0%] Built target dynamic_reconfigure_generate_messages_py
[ 10%] Built target traj_gen_gencfg
[ 10%] Built target nav_msgs_generate_messages_py
[ 10%] Built target dynamic_reconfigure_gencfg
[ 10%] Built target dynamic_reconfigure_generate_messages_nodejs
[ 10%] Built target dynamic_reconfigure_generate_messages_lisp
[ 10%] Built target geometry_msgs_generate_messages_eus
[ 10%] Built target std_msgs_generate_messages_eus
[ 10%] Built target trajectory_msgs_generate_messages_cpp
[ 10%] Built target trajectory_msgs_generate_messages_py
[ 10%] Built target actionlib_msgs_generate_messages_nodejs
[ 10%] Built target std_msgs_generate_messages_cpp
[ 10%] Built target geometry_msgs_generate_messages_nodejs
[ 10%] Built target nav_msgs_generate_messages_nodejs
[ 10%] Built target trajectory_msgs_generate_messages_nodejs
[ 10%] Built target rosgraph_msgs_generate_messages_cpp
[ 10%] Built target dynamic_reconfigure_generate_messages_cpp
[ 10%] Built target sensor_msgs_generate_messages_lisp
[ 10%] Built target actionlib_msgs_generate_messages_py
[ 10%] Built target mav_msgs_generate_messages_cpp
[ 10%] Built target mav_msgs_generate_messages_eus
[ 10%] Built target mav_msgs_generate_messages_lisp
[ 10%] Built target trajectory_msgs_generate_messages_lisp
[ 10%] Built target mav_msgs_generate_messages_nodejs
[ 10%] Built target sensor_msgs_generate_messages_eus
[ 10%] Built target mav_msgs_generate_messages_py
[ 10%] Built target roscpp_generate_messages_nodejs
[ 10%] Built target roscpp_generate_messages_eus
[ 10%] Built target geometry_msgs_generate_messages_cpp
[ 10%] Built target nav_msgs_generate_messages_lisp
[ 10%] Built target roscpp_generate_messages_py
[ 10%] Built target trajectory_msgs_generate_messages_eus
[ 10%] Built target nav_msgs_generate_messages_cpp
[ 30%] Built target traj_gen_generate_messages_py
[ 40%] Built target traj_gen_generate_messages_lisp
[ 60%] Built target traj_gen_generate_messages_eus
[ 70%] Built target traj_gen_generate_messages_nodejs
[ 80%] Built target traj_gen_generate_messages_cpp
[100%] Built target trajectory_gen_node
[100%] Built target traj_gen_generate_messages
