Linked: (/home/fechec/feng_ws/devel/.private/position_control/share/common-lisp/ros/position_control/msg/min_snap_traj.lisp, /home/fechec/feng_ws/devel/share/common-lisp/ros/position_control/msg/min_snap_traj.lisp)
Linked: (/home/fechec/feng_ws/devel/.private/position_control/share/common-lisp/ros/position_control/msg/_package.lisp, /home/fechec/feng_ws/devel/share/common-lisp/ros/position_control/msg/_package.lisp)
Linked: (/home/fechec/feng_ws/devel/.private/position_control/share/common-lisp/ros/position_control/msg/target_dect_msg.lisp, /home/fechec/feng_ws/devel/share/common-lisp/ros/position_control/msg/target_dect_msg.lisp)
Linked: (/home/fechec/feng_ws/devel/.private/position_control/share/common-lisp/ros/position_control/msg/position_control-msg.asd, /home/fechec/feng_ws/devel/share/common-lisp/ros/position_control/msg/position_control-msg.asd)
Linked: (/home/fechec/feng_ws/devel/.private/position_control/share/common-lisp/ros/position_control/msg/_package_des_acc_ang.lisp, /home/fechec/feng_ws/devel/share/common-lisp/ros/position_control/msg/_package_des_acc_ang.lisp)
Linked: (/home/fechec/feng_ws/devel/.private/position_control/share/common-lisp/ros/position_control/msg/_package_target_dect_msg.lisp, /home/fechec/feng_ws/devel/share/common-lisp/ros/position_control/msg/_package_target_dect_msg.lisp)
Linked: (/home/fechec/feng_ws/devel/.private/position_control/share/common-lisp/ros/position_control/msg/_package_min_snap_traj.lisp, /home/fechec/feng_ws/devel/share/common-lisp/ros/position_control/msg/_package_min_snap_traj.lisp)
Linked: (/home/fechec/feng_ws/devel/.private/position_control/share/common-lisp/ros/position_control/msg/des_acc_ang.lisp, /home/fechec/feng_ws/devel/share/common-lisp/ros/position_control/msg/des_acc_ang.lisp)
Linked: (/home/fechec/feng_ws/devel/.private/position_control/share/position_control/cmake/position_controlConfig.cmake, /home/fechec/feng_ws/devel/share/position_control/cmake/position_controlConfig.cmake)
Linked: (/home/fechec/feng_ws/devel/.private/position_control/share/position_control/cmake/position_control-msg-extras.cmake, /home/fechec/feng_ws/devel/share/position_control/cmake/position_control-msg-extras.cmake)
Linked: (/home/fechec/feng_ws/devel/.private/position_control/share/position_control/cmake/position_control-msg-paths.cmake, /home/fechec/feng_ws/devel/share/position_control/cmake/position_control-msg-paths.cmake)
Linked: (/home/fechec/feng_ws/devel/.private/position_control/share/position_control/cmake/position_controlConfig-version.cmake, /home/fechec/feng_ws/devel/share/position_control/cmake/position_controlConfig-version.cmake)
Linked: (/home/fechec/feng_ws/devel/.private/position_control/share/position_control/docs/controllerPOSCFGConfig.wikidoc, /home/fechec/feng_ws/devel/share/position_control/docs/controllerPOSCFGConfig.wikidoc)
Linked: (/home/fechec/feng_ws/devel/.private/position_control/share/position_control/docs/controllerPOSCFGConfig.dox, /home/fechec/feng_ws/devel/share/position_control/docs/controllerPOSCFGConfig.dox)
Linked: (/home/fechec/feng_ws/devel/.private/position_control/share/position_control/docs/controllerPOSCFGConfig-usage.dox, /home/fechec/feng_ws/devel/share/position_control/docs/controllerPOSCFGConfig-usage.dox)
Linked: (/home/fechec/feng_ws/devel/.private/position_control/share/gennodejs/ros/position_control/_index.js, /home/fechec/feng_ws/devel/share/gennodejs/ros/position_control/_index.js)
Linked: (/home/fechec/feng_ws/devel/.private/position_control/share/gennodejs/ros/position_control/msg/des_acc_ang.js, /home/fechec/feng_ws/devel/share/gennodejs/ros/position_control/msg/des_acc_ang.js)
Linked: (/home/fechec/feng_ws/devel/.private/position_control/share/gennodejs/ros/position_control/msg/target_dect_msg.js, /home/fechec/feng_ws/devel/share/gennodejs/ros/position_control/msg/target_dect_msg.js)
Linked: (/home/fechec/feng_ws/devel/.private/position_control/share/gennodejs/ros/position_control/msg/_index.js, /home/fechec/feng_ws/devel/share/gennodejs/ros/position_control/msg/_index.js)
Linked: (/home/fechec/feng_ws/devel/.private/position_control/share/gennodejs/ros/position_control/msg/min_snap_traj.js, /home/fechec/feng_ws/devel/share/gennodejs/ros/position_control/msg/min_snap_traj.js)
Linked: (/home/fechec/feng_ws/devel/.private/position_control/share/roseus/ros/position_control/manifest.l, /home/fechec/feng_ws/devel/share/roseus/ros/position_control/manifest.l)
Linked: (/home/fechec/feng_ws/devel/.private/position_control/share/roseus/ros/position_control/msg/min_snap_traj.l, /home/fechec/feng_ws/devel/share/roseus/ros/position_control/msg/min_snap_traj.l)
Linked: (/home/fechec/feng_ws/devel/.private/position_control/share/roseus/ros/position_control/msg/des_acc_ang.l, /home/fechec/feng_ws/devel/share/roseus/ros/position_control/msg/des_acc_ang.l)
Linked: (/home/fechec/feng_ws/devel/.private/position_control/share/roseus/ros/position_control/msg/target_dect_msg.l, /home/fechec/feng_ws/devel/share/roseus/ros/position_control/msg/target_dect_msg.l)
Linked: (/home/fechec/feng_ws/devel/.private/position_control/include/position_control/controllerPOSCFGConfig.h, /home/fechec/feng_ws/devel/include/position_control/controllerPOSCFGConfig.h)
Linked: (/home/fechec/feng_ws/devel/.private/position_control/include/position_control/target_dect_msg.h, /home/fechec/feng_ws/devel/include/position_control/target_dect_msg.h)
Linked: (/home/fechec/feng_ws/devel/.private/position_control/include/position_control/des_acc_ang.h, /home/fechec/feng_ws/devel/include/position_control/des_acc_ang.h)
Linked: (/home/fechec/feng_ws/devel/.private/position_control/include/position_control/min_snap_traj.h, /home/fechec/feng_ws/devel/include/position_control/min_snap_traj.h)
Linked: (/home/fechec/feng_ws/devel/.private/position_control/lib/libpd_pos_controller.so, /home/fechec/feng_ws/devel/lib/libpd_pos_controller.so)
Linked: (/home/fechec/feng_ws/devel/.private/position_control/lib/position_control/pos_control_node, /home/fechec/feng_ws/devel/lib/position_control/pos_control_node)
Linked: (/home/fechec/feng_ws/devel/.private/position_control/lib/python2.7/dist-packages/position_control/__init__.py, /home/fechec/feng_ws/devel/lib/python2.7/dist-packages/position_control/__init__.py)
Linked: (/home/fechec/feng_ws/devel/.private/position_control/lib/python2.7/dist-packages/position_control/cfg/__init__.py, /home/fechec/feng_ws/devel/lib/python2.7/dist-packages/position_control/cfg/__init__.py)
Linked: (/home/fechec/feng_ws/devel/.private/position_control/lib/python2.7/dist-packages/position_control/cfg/controllerPOSCFGConfig.py, /home/fechec/feng_ws/devel/lib/python2.7/dist-packages/position_control/cfg/controllerPOSCFGConfig.py)
Linked: (/home/fechec/feng_ws/devel/.private/position_control/lib/python2.7/dist-packages/position_control/msg/_des_acc_ang.py, /home/fechec/feng_ws/devel/lib/python2.7/dist-packages/position_control/msg/_des_acc_ang.py)
Linked: (/home/fechec/feng_ws/devel/.private/position_control/lib/python2.7/dist-packages/position_control/msg/__init__.py, /home/fechec/feng_ws/devel/lib/python2.7/dist-packages/position_control/msg/__init__.py)
Linked: (/home/fechec/feng_ws/devel/.private/position_control/lib/python2.7/dist-packages/position_control/msg/_target_dect_msg.py, /home/fechec/feng_ws/devel/lib/python2.7/dist-packages/position_control/msg/_target_dect_msg.py)
Linked: (/home/fechec/feng_ws/devel/.private/position_control/lib/python2.7/dist-packages/position_control/msg/_min_snap_traj.py, /home/fechec/feng_ws/devel/lib/python2.7/dist-packages/position_control/msg/_min_snap_traj.py)
Linked: (/home/fechec/feng_ws/devel/.private/position_control/lib/pkgconfig/position_control.pc, /home/fechec/feng_ws/devel/lib/pkgconfig/position_control.pc)
