Symlinking /home/fechec/feng_ws/devel/share/common-lisp/ros/position_control/msg/min_snap_traj.lisp
Symlinking /home/fechec/feng_ws/devel/share/common-lisp/ros/position_control/msg/_package.lisp
Symlinking /home/fechec/feng_ws/devel/share/common-lisp/ros/position_control/msg/target_dect_msg.lisp
Symlinking /home/fechec/feng_ws/devel/share/common-lisp/ros/position_control/msg/position_control-msg.asd
Symlinking /home/fechec/feng_ws/devel/share/common-lisp/ros/position_control/msg/_package_des_acc_ang.lisp
Symlinking /home/fechec/feng_ws/devel/share/common-lisp/ros/position_control/msg/_package_target_dect_msg.lisp
Symlinking /home/fechec/feng_ws/devel/share/common-lisp/ros/position_control/msg/_package_min_snap_traj.lisp
Symlinking /home/fechec/feng_ws/devel/share/common-lisp/ros/position_control/msg/des_acc_ang.lisp
Symlinking /home/fechec/feng_ws/devel/share/position_control/cmake/position_controlConfig.cmake
Symlinking /home/fechec/feng_ws/devel/share/position_control/cmake/position_control-msg-extras.cmake
Symlinking /home/fechec/feng_ws/devel/share/position_control/cmake/position_control-msg-paths.cmake
Symlinking /home/fechec/feng_ws/devel/share/position_control/cmake/position_controlConfig-version.cmake
Symlinking /home/fechec/feng_ws/devel/share/position_control/docs/controllerPOSCFGConfig.wikidoc
Symlinking /home/fechec/feng_ws/devel/share/position_control/docs/controllerPOSCFGConfig.dox
Symlinking /home/fechec/feng_ws/devel/share/position_control/docs/controllerPOSCFGConfig-usage.dox
Symlinking /home/fechec/feng_ws/devel/share/gennodejs/ros/position_control/_index.js
Symlinking /home/fechec/feng_ws/devel/share/gennodejs/ros/position_control/msg/des_acc_ang.js
Symlinking /home/fechec/feng_ws/devel/share/gennodejs/ros/position_control/msg/target_dect_msg.js
Symlinking /home/fechec/feng_ws/devel/share/gennodejs/ros/position_control/msg/_index.js
Symlinking /home/fechec/feng_ws/devel/share/gennodejs/ros/position_control/msg/min_snap_traj.js
Symlinking /home/fechec/feng_ws/devel/share/roseus/ros/position_control/manifest.l
Symlinking /home/fechec/feng_ws/devel/share/roseus/ros/position_control/msg/min_snap_traj.l
Symlinking /home/fechec/feng_ws/devel/share/roseus/ros/position_control/msg/des_acc_ang.l
Symlinking /home/fechec/feng_ws/devel/share/roseus/ros/position_control/msg/target_dect_msg.l
Symlinking /home/fechec/feng_ws/devel/include/position_control/controllerPOSCFGConfig.h
Symlinking /home/fechec/feng_ws/devel/include/position_control/target_dect_msg.h
Symlinking /home/fechec/feng_ws/devel/include/position_control/des_acc_ang.h
Symlinking /home/fechec/feng_ws/devel/include/position_control/min_snap_traj.h
Symlinking /home/fechec/feng_ws/devel/lib/libpd_pos_controller.so
Symlinking /home/fechec/feng_ws/devel/lib/position_control/pos_control_node
Symlinking /home/fechec/feng_ws/devel/lib/python2.7/dist-packages/position_control/__init__.py
Symlinking /home/fechec/feng_ws/devel/lib/python2.7/dist-packages/position_control/cfg/__init__.py
Symlinking /home/fechec/feng_ws/devel/lib/python2.7/dist-packages/position_control/cfg/controllerPOSCFGConfig.py
Symlinking /home/fechec/feng_ws/devel/lib/python2.7/dist-packages/position_control/msg/_des_acc_ang.py
Symlinking /home/fechec/feng_ws/devel/lib/python2.7/dist-packages/position_control/msg/__init__.py
Symlinking /home/fechec/feng_ws/devel/lib/python2.7/dist-packages/position_control/msg/_target_dect_msg.py
Symlinking /home/fechec/feng_ws/devel/lib/python2.7/dist-packages/position_control/msg/_min_snap_traj.py
Symlinking /home/fechec/feng_ws/devel/lib/pkgconfig/position_control.pc
